f:\visual studio\编译课设\x64\debug\语法分析.pdb
f:\visual studio\编译课设\x64\debug\语法分析.exe
f:\visual studio\编译课设\语法分析\x64\debug\语法分析.tlog\clang-cl.10048.delete.1.tlog
f:\visual studio\编译课设\语法分析\x64\debug\语法分析.tlog\clang-cl.10196.delete.1.tlog
f:\visual studio\编译课设\语法分析\x64\debug\语法分析.tlog\clang-cl.10376.delete.1.tlog
f:\visual studio\编译课设\语法分析\x64\debug\语法分析.tlog\clang-cl.10836.delete.1.tlog
f:\visual studio\编译课设\语法分析\x64\debug\语法分析.tlog\clang-cl.10888.delete.1.tlog
f:\visual studio\编译课设\语法分析\x64\debug\语法分析.tlog\clang-cl.10932.delete.1.tlog
f:\visual studio\编译课设\语法分析\x64\debug\语法分析.tlog\clang-cl.11612.delete.1.tlog
f:\visual studio\编译课设\语法分析\x64\debug\语法分析.tlog\clang-cl.11712.delete.1.tlog
f:\visual studio\编译课设\语法分析\x64\debug\语法分析.tlog\clang-cl.11864.delete.1.tlog
f:\visual studio\编译课设\语法分析\x64\debug\语法分析.tlog\clang-cl.12148.delete.1.tlog
f:\visual studio\编译课设\语法分析\x64\debug\语法分析.tlog\clang-cl.1224.delete.1.tlog
f:\visual studio\编译课设\语法分析\x64\debug\语法分析.tlog\clang-cl.12696.delete.1.tlog
f:\visual studio\编译课设\语法分析\x64\debug\语法分析.tlog\clang-cl.12964.delete.1.tlog
f:\visual studio\编译课设\语法分析\x64\debug\语法分析.tlog\clang-cl.13060.delete.1.tlog
f:\visual studio\编译课设\语法分析\x64\debug\语法分析.tlog\clang-cl.13136.delete.1.tlog
f:\visual studio\编译课设\语法分析\x64\debug\语法分析.tlog\clang-cl.13484.delete.1.tlog
f:\visual studio\编译课设\语法分析\x64\debug\语法分析.tlog\clang-cl.13556.delete.1.tlog
f:\visual studio\编译课设\语法分析\x64\debug\语法分析.tlog\clang-cl.13832.delete.1.tlog
f:\visual studio\编译课设\语法分析\x64\debug\语法分析.tlog\clang-cl.13856.delete.1.tlog
f:\visual studio\编译课设\语法分析\x64\debug\语法分析.tlog\clang-cl.13920.delete.1.tlog
f:\visual studio\编译课设\语法分析\x64\debug\语法分析.tlog\clang-cl.14020.delete.1.tlog
f:\visual studio\编译课设\语法分析\x64\debug\语法分析.tlog\clang-cl.14072.delete.1.tlog
f:\visual studio\编译课设\语法分析\x64\debug\语法分析.tlog\clang-cl.14216.delete.1.tlog
f:\visual studio\编译课设\语法分析\x64\debug\语法分析.tlog\clang-cl.14800.delete.1.tlog
f:\visual studio\编译课设\语法分析\x64\debug\语法分析.tlog\clang-cl.14992.delete.1.tlog
f:\visual studio\编译课设\语法分析\x64\debug\语法分析.tlog\clang-cl.15572.delete.1.tlog
f:\visual studio\编译课设\语法分析\x64\debug\语法分析.tlog\clang-cl.15596.delete.1.tlog
f:\visual studio\编译课设\语法分析\x64\debug\语法分析.tlog\clang-cl.15896.delete.1.tlog
f:\visual studio\编译课设\语法分析\x64\debug\语法分析.tlog\clang-cl.15956.delete.1.tlog
f:\visual studio\编译课设\语法分析\x64\debug\语法分析.tlog\clang-cl.15992.delete.1.tlog
f:\visual studio\编译课设\语法分析\x64\debug\语法分析.tlog\clang-cl.1616.delete.1.tlog
f:\visual studio\编译课设\语法分析\x64\debug\语法分析.tlog\clang-cl.16260.delete.1.tlog
f:\visual studio\编译课设\语法分析\x64\debug\语法分析.tlog\clang-cl.16264.delete.1.tlog
f:\visual studio\编译课设\语法分析\x64\debug\语法分析.tlog\clang-cl.16608.delete.1.tlog
f:\visual studio\编译课设\语法分析\x64\debug\语法分析.tlog\clang-cl.16964.delete.1.tlog
f:\visual studio\编译课设\语法分析\x64\debug\语法分析.tlog\clang-cl.16972.delete.1.tlog
f:\visual studio\编译课设\语法分析\x64\debug\语法分析.tlog\clang-cl.17012.delete.1.tlog
f:\visual studio\编译课设\语法分析\x64\debug\语法分析.tlog\clang-cl.172008.delete.1.tlog
f:\visual studio\编译课设\语法分析\x64\debug\语法分析.tlog\clang-cl.17260.delete.1.tlog
f:\visual studio\编译课设\语法分析\x64\debug\语法分析.tlog\clang-cl.17332.delete.1.tlog
f:\visual studio\编译课设\语法分析\x64\debug\语法分析.tlog\clang-cl.17552.delete.1.tlog
f:\visual studio\编译课设\语法分析\x64\debug\语法分析.tlog\clang-cl.17620.delete.1.tlog
f:\visual studio\编译课设\语法分析\x64\debug\语法分析.tlog\clang-cl.17656.delete.1.tlog
f:\visual studio\编译课设\语法分析\x64\debug\语法分析.tlog\clang-cl.17756.delete.1.tlog
f:\visual studio\编译课设\语法分析\x64\debug\语法分析.tlog\clang-cl.17788.delete.1.tlog
f:\visual studio\编译课设\语法分析\x64\debug\语法分析.tlog\clang-cl.18004.delete.1.tlog
f:\visual studio\编译课设\语法分析\x64\debug\语法分析.tlog\clang-cl.18224.delete.1.tlog
f:\visual studio\编译课设\语法分析\x64\debug\语法分析.tlog\clang-cl.18316.delete.1.tlog
f:\visual studio\编译课设\语法分析\x64\debug\语法分析.tlog\clang-cl.18348.delete.1.tlog
f:\visual studio\编译课设\语法分析\x64\debug\语法分析.tlog\clang-cl.18444.delete.1.tlog
f:\visual studio\编译课设\语法分析\x64\debug\语法分析.tlog\clang-cl.18672.delete.1.tlog
f:\visual studio\编译课设\语法分析\x64\debug\语法分析.tlog\clang-cl.19092.delete.1.tlog
f:\visual studio\编译课设\语法分析\x64\debug\语法分析.tlog\clang-cl.19156.delete.1.tlog
f:\visual studio\编译课设\语法分析\x64\debug\语法分析.tlog\clang-cl.19232.delete.1.tlog
f:\visual studio\编译课设\语法分析\x64\debug\语法分析.tlog\clang-cl.19644.delete.1.tlog
f:\visual studio\编译课设\语法分析\x64\debug\语法分析.tlog\clang-cl.19784.delete.1.tlog
f:\visual studio\编译课设\语法分析\x64\debug\语法分析.tlog\clang-cl.19864.delete.1.tlog
f:\visual studio\编译课设\语法分析\x64\debug\语法分析.tlog\clang-cl.20196.delete.1.tlog
f:\visual studio\编译课设\语法分析\x64\debug\语法分析.tlog\clang-cl.20464.delete.1.tlog
f:\visual studio\编译课设\语法分析\x64\debug\语法分析.tlog\clang-cl.21064.delete.1.tlog
f:\visual studio\编译课设\语法分析\x64\debug\语法分析.tlog\clang-cl.2128.delete.1.tlog
f:\visual studio\编译课设\语法分析\x64\debug\语法分析.tlog\clang-cl.21736.delete.1.tlog
f:\visual studio\编译课设\语法分析\x64\debug\语法分析.tlog\clang-cl.22312.delete.1.tlog
f:\visual studio\编译课设\语法分析\x64\debug\语法分析.tlog\clang-cl.23304.delete.1.tlog
f:\visual studio\编译课设\语法分析\x64\debug\语法分析.tlog\clang-cl.23500.delete.1.tlog
f:\visual studio\编译课设\语法分析\x64\debug\语法分析.tlog\clang-cl.2652.delete.1.tlog
f:\visual studio\编译课设\语法分析\x64\debug\语法分析.tlog\clang-cl.3164.delete.1.tlog
f:\visual studio\编译课设\语法分析\x64\debug\语法分析.tlog\clang-cl.3220.delete.1.tlog
f:\visual studio\编译课设\语法分析\x64\debug\语法分析.tlog\clang-cl.3232.delete.1.tlog
f:\visual studio\编译课设\语法分析\x64\debug\语法分析.tlog\clang-cl.3284.delete.1.tlog
f:\visual studio\编译课设\语法分析\x64\debug\语法分析.tlog\clang-cl.3416.delete.1.tlog
f:\visual studio\编译课设\语法分析\x64\debug\语法分析.tlog\clang-cl.3468.delete.1.tlog
f:\visual studio\编译课设\语法分析\x64\debug\语法分析.tlog\clang-cl.4092.delete.1.tlog
f:\visual studio\编译课设\语法分析\x64\debug\语法分析.tlog\clang-cl.4248.delete.1.tlog
f:\visual studio\编译课设\语法分析\x64\debug\语法分析.tlog\clang-cl.4320.delete.1.tlog
f:\visual studio\编译课设\语法分析\x64\debug\语法分析.tlog\clang-cl.5352.delete.1.tlog
f:\visual studio\编译课设\语法分析\x64\debug\语法分析.tlog\clang-cl.5552.delete.1.tlog
f:\visual studio\编译课设\语法分析\x64\debug\语法分析.tlog\clang-cl.6180.delete.1.tlog
f:\visual studio\编译课设\语法分析\x64\debug\语法分析.tlog\clang-cl.6344.delete.1.tlog
f:\visual studio\编译课设\语法分析\x64\debug\语法分析.tlog\clang-cl.6484.delete.1.tlog
f:\visual studio\编译课设\语法分析\x64\debug\语法分析.tlog\clang-cl.7208.delete.1.tlog
f:\visual studio\编译课设\语法分析\x64\debug\语法分析.tlog\clang-cl.7296.delete.1.tlog
f:\visual studio\编译课设\语法分析\x64\debug\语法分析.tlog\clang-cl.7300.delete.1.tlog
f:\visual studio\编译课设\语法分析\x64\debug\语法分析.tlog\clang-cl.7724.delete.1.tlog
f:\visual studio\编译课设\语法分析\x64\debug\语法分析.tlog\clang-cl.7764.delete.1.tlog
f:\visual studio\编译课设\语法分析\x64\debug\语法分析.tlog\clang-cl.8076.delete.1.tlog
f:\visual studio\编译课设\语法分析\x64\debug\语法分析.tlog\clang-cl.8228.delete.1.tlog
f:\visual studio\编译课设\语法分析\x64\debug\语法分析.tlog\clang-cl.844.delete.1.tlog
f:\visual studio\编译课设\语法分析\x64\debug\语法分析.tlog\clang-cl.8592.delete.1.tlog
f:\visual studio\编译课设\语法分析\x64\debug\语法分析.tlog\clang-cl.8700.delete.1.tlog
f:\visual studio\编译课设\语法分析\x64\debug\语法分析.tlog\clang-cl.8996.delete.1.tlog
f:\visual studio\编译课设\语法分析\x64\debug\语法分析.tlog\clang-cl.900.delete.1.tlog
f:\visual studio\编译课设\语法分析\x64\debug\语法分析.tlog\clang-cl.92.delete.1.tlog
f:\visual studio\编译课设\语法分析\x64\debug\语法分析.tlog\clang-cl.9232.delete.1.tlog
f:\visual studio\编译课设\语法分析\x64\debug\语法分析.tlog\clang-cl.9448.delete.1.tlog
f:\visual studio\编译课设\语法分析\x64\debug\语法分析.tlog\clang-cl.9540.delete.1.tlog
f:\visual studio\编译课设\语法分析\x64\debug\语法分析.tlog\clang-cl.command.1.tlog
f:\visual studio\编译课设\语法分析\x64\debug\语法分析.tlog\lld-link.command.1.tlog
f:\visual studio\编译课设\语法分析\x64\debug\语法分析.tlog\lld-link.delete.1.tlog
f:\visual studio\编译课设\语法分析\x64\debug\语法分析.tlog\lld-link.read.1.tlog
f:\visual studio\编译课设\语法分析\x64\debug\语法分析.tlog\lld-link.write.1.tlog
